{"numTotalTestSuites":10,"numPassedTestSuites":10,"numFailedTestSuites":0,"numPendingTestSuites":0,"numTotalTests":19,"numPassedTests":19,"numFailedTests":0,"numPendingTests":0,"numTodoTests":0,"startTime":1758881833496,"success":true,"testResults":[{"assertionResults":[{"ancestorTitles":["","Basic Test"],"fullName":" Basic Test should pass a basic test","status":"passed","title":"should pass a basic test","duration":1,"failureMessages":[]},{"ancestorTitles":["","Basic Test"],"fullName":" Basic Test should have access to DOM","status":"passed","title":"should have access to DOM","duration":0,"failureMessages":[]}],"startTime":1758881834679,"endTime":1758881834680,"status":"passed","message":"","name":"C:/Users/achac/OneDrive/Escritorio/Proyectos Portafolio/1- Produccion/Sistema de Gestion de Gimnasio/test/frontend/basic.test.js"},{"assertionResults":[{"ancestorTitles":["","Dashboard Components Test"],"fullName":" Dashboard Components Test should render SimpleMetricCard with Users icon","status":"passed","title":"should render SimpleMetricCard with Users icon","duration":24,"failureMessages":[]},{"ancestorTitles":["","Dashboard Components Test"],"fullName":" Dashboard Components Test should render SimpleActionCard with DollarSign icon","status":"passed","title":"should render SimpleActionCard with DollarSign icon","duration":3,"failureMessages":[]},{"ancestorTitles":["","Dashboard Components Test"],"fullName":" Dashboard Components Test should render multiple components together","status":"passed","title":"should render multiple components together","duration":10,"failureMessages":[]}],"startTime":1758881834687,"endTime":1758881834724,"status":"passed","message":"","name":"C:/Users/achac/OneDrive/Escritorio/Proyectos Portafolio/1- Produccion/Sistema de Gestion de Gimnasio/test/frontend/dashboard-components.test.jsx"},{"assertionResults":[{"ancestorTitles":["","Lucide React Icons Test"],"fullName":" Lucide React Icons Test should render Users icon","status":"passed","title":"should render Users icon","duration":19,"failureMessages":[]},{"ancestorTitles":["","Lucide React Icons Test"],"fullName":" Lucide React Icons Test should render DollarSign icon","status":"passed","title":"should render DollarSign icon","duration":3,"failureMessages":[]},{"ancestorTitles":["","Lucide React Icons Test"],"fullName":" Lucide React Icons Test should render TrendingUp icon","status":"passed","title":"should render TrendingUp icon","duration":2,"failureMessages":[]},{"ancestorTitles":["","Lucide React Icons Test"],"fullName":" Lucide React Icons Test should render Calendar icon","status":"passed","title":"should render Calendar icon","duration":2,"failureMessages":[]},{"ancestorTitles":["","Lucide React Icons Test"],"fullName":" Lucide React Icons Test should render Settings icon","status":"passed","title":"should render Settings icon","duration":3,"failureMessages":[]},{"ancestorTitles":["","Lucide React Icons Test"],"fullName":" Lucide React Icons Test should apply custom className to icons","status":"passed","title":"should apply custom className to icons","duration":1,"failureMessages":[]}],"startTime":1758881834687,"endTime":1758881834717,"status":"passed","message":"","name":"C:/Users/achac/OneDrive/Escritorio/Proyectos Portafolio/1- Produccion/Sistema de Gestion de Gimnasio/test/frontend/lucide.test.jsx"},{"assertionResults":[{"ancestorTitles":["","React Basic Tests"],"fullName":" React Basic Tests should render a simple div","status":"passed","title":"should render a simple div","duration":22,"failureMessages":[]},{"ancestorTitles":["","React Basic Tests"],"fullName":" React Basic Tests should render a component with props","status":"passed","title":"should render a component with props","duration":5,"failureMessages":[]},{"ancestorTitles":["","React Basic Tests"],"fullName":" React Basic Tests should render a list of items","status":"passed","title":"should render a list of items","duration":6,"failureMessages":[]},{"ancestorTitles":["","React Basic Tests"],"fullName":" React Basic Tests should handle conditional rendering","status":"passed","title":"should handle conditional rendering","duration":4,"failureMessages":[]}],"startTime":1758881834687,"endTime":1758881834724,"status":"passed","message":"","name":"C:/Users/achac/OneDrive/Escritorio/Proyectos Portafolio/1- Produccion/Sistema de Gestion de Gimnasio/test/frontend/react-basic.test.jsx"},{"assertionResults":[{"ancestorTitles":["","Test básico"],"fullName":" Test básico debe pasar un test simple","status":"passed","title":"debe pasar un test simple","duration":1,"failureMessages":[]},{"ancestorTitles":["","Test básico"],"fullName":" Test básico debe verificar que las funciones básicas funcionan","status":"passed","title":"debe verificar que las funciones básicas funcionan","duration":0,"failureMessages":[]},{"ancestorTitles":["","Test básico"],"fullName":" Test básico debe verificar arrays","status":"passed","title":"debe verificar arrays","duration":1,"failureMessages":[]},{"ancestorTitles":["","Test básico"],"fullName":" Test básico debe verificar objetos","status":"passed","title":"debe verificar objetos","duration":0,"failureMessages":[]}],"startTime":1758881834666,"endTime":1758881834668,"status":"passed","message":"","name":"C:/Users/achac/OneDrive/Escritorio/Proyectos Portafolio/1- Produccion/Sistema de Gestion de Gimnasio/test/frontend/simple.test.js"}]}